<?xml version="1.0" encoding="UTF-8"?>
<!-- Generated by org.testng.reporters.JUnitReportReporter -->
<testsuite hostname="DESKTOP-A360J5T" failures="0" tests="1" name="BaseTest.test" time="2.964" errors="0" timestamp="2025-04-15T20:32:00 IST" skipped="0">
  <testcase classname="BaseTest.test" name="testActions" time="2.964"/>
</testsuite> <!-- BaseTest.test -->
